<?xml version="1.0" encoding="UTF-8"?>
<testsuite name="org.exam.datamanager.consumer.KafkaConsumerTest" tests="1" skipped="0" failures="0" errors="0" timestamp="2024-03-02T15:22:06" hostname="garik" time="4.44">
  <properties/>
  <testcase name="testKafkaConsumer()" classname="org.exam.datamanager.consumer.KafkaConsumerTest" time="4.44"/>
  <system-out><![CDATA[19:22:04.410 [Test worker] INFO org.testcontainers.images.PullPolicy -- Image pull policy will be performed by: DefaultPullPolicy()
19:22:04.413 [Test worker] INFO org.testcontainers.utility.ImageNameSubstitutor -- Image name substitution will be performed by: DefaultImageNameSubstitutor (composite of 'ConfigurationFileImageNameSubstitutor' and 'PrefixingImageNameSubstitutor')

  .   ____          _            __ _ _
 /\\ / ___'_ __ _ _(_)_ __  __ _ \ \ \ \
( ( )\___ | '_ | '_| | '_ \/ _` | \ \ \ \
 \\/  ___)| |_)| | | | | || (_| |  ) ) ) )
  '  |____| .__|_| |_|_| |_\__, | / / / /
 =========|_|==============|___/=/_/_/_/
 :: Spring Boot ::                (v3.2.3)

2024-03-02T19:22:04.580+04:00  INFO 44851 --- [    Test worker] o.e.d.consumer.KafkaConsumerTest         : Starting KafkaConsumerTest using Java 17.0.8 with PID 44851 (started by garik in /home/garik/Desktop/exam/DATA-MANAGER/data-manager)
2024-03-02T19:22:04.581+04:00  INFO 44851 --- [    Test worker] o.e.d.consumer.KafkaConsumerTest         : No active profile set, falling back to 1 default profile: "default"
2024-03-02T19:22:04.835+04:00  INFO 44851 --- [    Test worker] .s.d.r.c.RepositoryConfigurationDelegate : Bootstrapping Spring Data JPA repositories in DEFAULT mode.
2024-03-02T19:22:04.867+04:00  INFO 44851 --- [    Test worker] .s.d.r.c.RepositoryConfigurationDelegate : Finished Spring Data repository scanning in 27 ms. Found 1 JPA repository interface.
2024-03-02T19:22:05.122+04:00  INFO 44851 --- [    Test worker] o.hibernate.jpa.internal.util.LogHelper  : HHH000204: Processing PersistenceUnitInfo [name: default]
2024-03-02T19:22:05.150+04:00  INFO 44851 --- [    Test worker] org.hibernate.Version                    : HHH000412: Hibernate ORM core version 6.4.4.Final
2024-03-02T19:22:05.168+04:00  INFO 44851 --- [    Test worker] o.h.c.internal.RegionFactoryInitiator    : HHH000026: Second-level cache disabled
2024-03-02T19:22:05.298+04:00  INFO 44851 --- [    Test worker] o.s.o.j.p.SpringPersistenceUnitInfo      : No LoadTimeWeaver setup: ignoring JPA class transformer
2024-03-02T19:22:05.312+04:00  INFO 44851 --- [    Test worker] com.zaxxer.hikari.HikariDataSource       : HikariPool-1 - Starting...
2024-03-02T19:22:05.411+04:00  INFO 44851 --- [    Test worker] com.zaxxer.hikari.pool.HikariPool        : HikariPool-1 - Added connection conn0: url=jdbc:h2:mem:testdb user=SA
2024-03-02T19:22:05.412+04:00  INFO 44851 --- [    Test worker] com.zaxxer.hikari.HikariDataSource       : HikariPool-1 - Start completed.
2024-03-02T19:22:05.425+04:00  WARN 44851 --- [    Test worker] org.hibernate.orm.deprecation            : HHH90000025: H2Dialect does not need to be specified explicitly using 'hibernate.dialect' (remove the property setting and it will be selected by default)
2024-03-02T19:22:05.923+04:00  INFO 44851 --- [    Test worker] o.h.e.t.j.p.i.JtaPlatformInitiator       : HHH000489: No JTA platform available (set 'hibernate.transaction.jta.platform' to enable JTA platform integration)
2024-03-02T19:22:05.941+04:00  INFO 44851 --- [    Test worker] j.LocalContainerEntityManagerFactoryBean : Initialized JPA EntityManagerFactory for persistence unit 'default'
2024-03-02T19:22:06.112+04:00  INFO 44851 --- [    Test worker] o.e.d.config.KafkaConsumerConfig         : Configure concurrent consumer Kafka
2024-03-02T19:22:06.207+04:00  INFO 44851 --- [    Test worker] o.a.k.clients.admin.AdminClientConfig    : AdminClientConfig values: 
	auto.include.jmx.reporter = true
	bootstrap.servers = [localhost:29092]
	client.dns.lookup = use_all_dns_ips
	client.id = 
	connections.max.idle.ms = 300000
	default.api.timeout.ms = 60000
	metadata.max.age.ms = 300000
	metric.reporters = []
	metrics.num.samples = 2
	metrics.recording.level = INFO
	metrics.sample.window.ms = 30000
	receive.buffer.bytes = 65536
	reconnect.backoff.max.ms = 1000
	reconnect.backoff.ms = 50
	request.timeout.ms = 30000
	retries = 2147483647
	retry.backoff.ms = 100
	sasl.client.callback.handler.class = null
	sasl.jaas.config = null
	sasl.kerberos.kinit.cmd = /usr/bin/kinit
	sasl.kerberos.min.time.before.relogin = 60000
	sasl.kerberos.service.name = null
	sasl.kerberos.ticket.renew.jitter = 0.05
	sasl.kerberos.ticket.renew.window.factor = 0.8
	sasl.login.callback.handler.class = null
	sasl.login.class = null
	sasl.login.connect.timeout.ms = null
	sasl.login.read.timeout.ms = null
	sasl.login.refresh.buffer.seconds = 300
	sasl.login.refresh.min.period.seconds = 60
	sasl.login.refresh.window.factor = 0.8
	sasl.login.refresh.window.jitter = 0.05
	sasl.login.retry.backoff.max.ms = 10000
	sasl.login.retry.backoff.ms = 100
	sasl.mechanism = GSSAPI
	sasl.oauthbearer.clock.skew.seconds = 30
	sasl.oauthbearer.expected.audience = null
	sasl.oauthbearer.expected.issuer = null
	sasl.oauthbearer.jwks.endpoint.refresh.ms = 3600000
	sasl.oauthbearer.jwks.endpoint.retry.backoff.max.ms = 10000
	sasl.oauthbearer.jwks.endpoint.retry.backoff.ms = 100
	sasl.oauthbearer.jwks.endpoint.url = null
	sasl.oauthbearer.scope.claim.name = scope
	sasl.oauthbearer.sub.claim.name = sub
	sasl.oauthbearer.token.endpoint.url = null
	security.protocol = PLAINTEXT
	security.providers = null
	send.buffer.bytes = 131072
	socket.connection.setup.timeout.max.ms = 30000
	socket.connection.setup.timeout.ms = 10000
	ssl.cipher.suites = null
	ssl.enabled.protocols = [TLSv1.2, TLSv1.3]
	ssl.endpoint.identification.algorithm = https
	ssl.engine.factory.class = null
	ssl.key.password = null
	ssl.keymanager.algorithm = SunX509
	ssl.keystore.certificate.chain = null
	ssl.keystore.key = null
	ssl.keystore.location = null
	ssl.keystore.password = null
	ssl.keystore.type = JKS
	ssl.protocol = TLSv1.3
	ssl.provider = null
	ssl.secure.random.implementation = null
	ssl.trustmanager.algorithm = PKIX
	ssl.truststore.certificates = null
	ssl.truststore.location = null
	ssl.truststore.password = null
	ssl.truststore.type = JKS

2024-03-02T19:22:06.273+04:00  INFO 44851 --- [    Test worker] o.a.kafka.common.utils.AppInfoParser     : Kafka version: 3.6.1
2024-03-02T19:22:06.273+04:00  INFO 44851 --- [    Test worker] o.a.kafka.common.utils.AppInfoParser     : Kafka commitId: 5e3c2b738d253ff5
2024-03-02T19:22:06.273+04:00  INFO 44851 --- [    Test worker] o.a.kafka.common.utils.AppInfoParser     : Kafka startTimeMs: 1709392926272
2024-03-02T19:22:06.423+04:00  INFO 44851 --- [| adminclient-1] o.a.kafka.common.utils.AppInfoParser     : App info kafka.admin.client for adminclient-1 unregistered
2024-03-02T19:22:06.426+04:00  INFO 44851 --- [| adminclient-1] o.apache.kafka.common.metrics.Metrics    : Metrics scheduler closed
2024-03-02T19:22:06.427+04:00  INFO 44851 --- [| adminclient-1] o.apache.kafka.common.metrics.Metrics    : Closing reporter org.apache.kafka.common.metrics.JmxReporter
2024-03-02T19:22:06.427+04:00  INFO 44851 --- [| adminclient-1] o.apache.kafka.common.metrics.Metrics    : Metrics reporters closed
2024-03-02T19:22:06.464+04:00  INFO 44851 --- [    Test worker] o.a.k.clients.consumer.ConsumerConfig    : ConsumerConfig values: 
	allow.auto.create.topics = true
	auto.commit.interval.ms = 5000
	auto.include.jmx.reporter = true
	auto.offset.reset = latest
	bootstrap.servers = [localhost:29092]
	check.crcs = true
	client.dns.lookup = use_all_dns_ips
	client.id = consumer-consuming-1
	client.rack = 
	connections.max.idle.ms = 540000
	default.api.timeout.ms = 60000
	enable.auto.commit = false
	exclude.internal.topics = true
	fetch.max.bytes = 52428800
	fetch.max.wait.ms = 500
	fetch.min.bytes = 1
	group.id = consuming
	group.instance.id = null
	heartbeat.interval.ms = 3000
	interceptor.classes = []
	internal.leave.group.on.close = true
	internal.throw.on.fetch.stable.offset.unsupported = false
	isolation.level = read_uncommitted
	key.deserializer = class org.apache.kafka.common.serialization.StringDeserializer
	max.partition.fetch.bytes = 1048576
	max.poll.interval.ms = 300000
	max.poll.records = 500
	metadata.max.age.ms = 300000
	metric.reporters = []
	metrics.num.samples = 2
	metrics.recording.level = INFO
	metrics.sample.window.ms = 30000
	partition.assignment.strategy = [class org.apache.kafka.clients.consumer.RangeAssignor, class org.apache.kafka.clients.consumer.CooperativeStickyAssignor]
	receive.buffer.bytes = 65536
	reconnect.backoff.max.ms = 1000
	reconnect.backoff.ms = 50
	request.timeout.ms = 30000
	retry.backoff.ms = 100
	sasl.client.callback.handler.class = null
	sasl.jaas.config = null
	sasl.kerberos.kinit.cmd = /usr/bin/kinit
	sasl.kerberos.min.time.before.relogin = 60000
	sasl.kerberos.service.name = null
	sasl.kerberos.ticket.renew.jitter = 0.05
	sasl.kerberos.ticket.renew.window.factor = 0.8
	sasl.login.callback.handler.class = null
	sasl.login.class = null
	sasl.login.connect.timeout.ms = null
	sasl.login.read.timeout.ms = null
	sasl.login.refresh.buffer.seconds = 300
	sasl.login.refresh.min.period.seconds = 60
	sasl.login.refresh.window.factor = 0.8
	sasl.login.refresh.window.jitter = 0.05
	sasl.login.retry.backoff.max.ms = 10000
	sasl.login.retry.backoff.ms = 100
	sasl.mechanism = GSSAPI
	sasl.oauthbearer.clock.skew.seconds = 30
	sasl.oauthbearer.expected.audience = null
	sasl.oauthbearer.expected.issuer = null
	sasl.oauthbearer.jwks.endpoint.refresh.ms = 3600000
	sasl.oauthbearer.jwks.endpoint.retry.backoff.max.ms = 10000
	sasl.oauthbearer.jwks.endpoint.retry.backoff.ms = 100
	sasl.oauthbearer.jwks.endpoint.url = null
	sasl.oauthbearer.scope.claim.name = scope
	sasl.oauthbearer.sub.claim.name = sub
	sasl.oauthbearer.token.endpoint.url = null
	security.protocol = PLAINTEXT
	security.providers = null
	send.buffer.bytes = 131072
	session.timeout.ms = 45000
	socket.connection.setup.timeout.max.ms = 30000
	socket.connection.setup.timeout.ms = 10000
	ssl.cipher.suites = null
	ssl.enabled.protocols = [TLSv1.2, TLSv1.3]
	ssl.endpoint.identification.algorithm = https
	ssl.engine.factory.class = null
	ssl.key.password = null
	ssl.keymanager.algorithm = SunX509
	ssl.keystore.certificate.chain = null
	ssl.keystore.key = null
	ssl.keystore.location = null
	ssl.keystore.password = null
	ssl.keystore.type = JKS
	ssl.protocol = TLSv1.3
	ssl.provider = null
	ssl.secure.random.implementation = null
	ssl.trustmanager.algorithm = PKIX
	ssl.truststore.certificates = null
	ssl.truststore.location = null
	ssl.truststore.password = null
	ssl.truststore.type = JKS
	value.deserializer = class org.springframework.kafka.support.serializer.JsonDeserializer

2024-03-02T19:22:06.487+04:00  INFO 44851 --- [    Test worker] o.a.kafka.common.utils.AppInfoParser     : Kafka version: 3.6.1
2024-03-02T19:22:06.487+04:00  INFO 44851 --- [    Test worker] o.a.kafka.common.utils.AppInfoParser     : Kafka commitId: 5e3c2b738d253ff5
2024-03-02T19:22:06.487+04:00  INFO 44851 --- [    Test worker] o.a.kafka.common.utils.AppInfoParser     : Kafka startTimeMs: 1709392926487
2024-03-02T19:22:06.488+04:00  INFO 44851 --- [    Test worker] fkaConsumerFactory$ExtendedKafkaConsumer : [Consumer clientId=consumer-consuming-1, groupId=consuming] Subscribed to topic(s): notification
2024-03-02T19:22:06.496+04:00  INFO 44851 --- [    Test worker] o.e.d.consumer.KafkaConsumerTest         : Started KafkaConsumerTest in 2.063 seconds (process running for 2.648)
2024-03-02T19:22:06.498+04:00  INFO 44851 --- [ntainer#0-0-C-1] org.apache.kafka.clients.Metadata        : [Consumer clientId=consumer-consuming-1, groupId=consuming] Cluster ID: w_kTVNGqQdqPUkM3JQlhBQ
2024-03-02T19:22:06.499+04:00  INFO 44851 --- [ntainer#0-0-C-1] o.a.k.c.c.internals.ConsumerCoordinator  : [Consumer clientId=consumer-consuming-1, groupId=consuming] Discovered group coordinator localhost:29092 (id: 2147483646 rack: null)
2024-03-02T19:22:06.500+04:00  INFO 44851 --- [ntainer#0-0-C-1] o.a.k.c.c.internals.ConsumerCoordinator  : [Consumer clientId=consumer-consuming-1, groupId=consuming] (Re-)joining group
2024-03-02T19:22:06.508+04:00  INFO 44851 --- [ntainer#0-0-C-1] o.a.k.c.c.internals.ConsumerCoordinator  : [Consumer clientId=consumer-consuming-1, groupId=consuming] Request joining group due to: need to re-join with the given member-id: consumer-consuming-1-6010ff76-6308-410d-9327-a78d4c208d3d
2024-03-02T19:22:06.508+04:00  INFO 44851 --- [ntainer#0-0-C-1] o.a.k.c.c.internals.ConsumerCoordinator  : [Consumer clientId=consumer-consuming-1, groupId=consuming] Request joining group due to: rebalance failed due to 'The group member needs to have a valid member id before actually entering a consumer group.' (MemberIdRequiredException)
2024-03-02T19:22:06.508+04:00  INFO 44851 --- [ntainer#0-0-C-1] o.a.k.c.c.internals.ConsumerCoordinator  : [Consumer clientId=consumer-consuming-1, groupId=consuming] (Re-)joining group
2024-03-02T19:22:06.843+04:00  INFO 44851 --- [    Test worker] o.a.k.clients.producer.ProducerConfig    : ProducerConfig values: 
	acks = -1
	auto.include.jmx.reporter = true
	batch.size = 16384
	bootstrap.servers = [localhost:29092]
	buffer.memory = 33554432
	client.dns.lookup = use_all_dns_ips
	client.id = producer-1
	compression.type = none
	connections.max.idle.ms = 540000
	delivery.timeout.ms = 120000
	enable.idempotence = true
	interceptor.classes = []
	key.serializer = class org.apache.kafka.common.serialization.StringSerializer
	linger.ms = 0
	max.block.ms = 60000
	max.in.flight.requests.per.connection = 5
	max.request.size = 20971520
	metadata.max.age.ms = 300000
	metadata.max.idle.ms = 300000
	metric.reporters = []
	metrics.num.samples = 2
	metrics.recording.level = INFO
	metrics.sample.window.ms = 30000
	partitioner.adaptive.partitioning.enable = true
	partitioner.availability.timeout.ms = 0
	partitioner.class = null
	partitioner.ignore.keys = false
	receive.buffer.bytes = 32768
	reconnect.backoff.max.ms = 1000
	reconnect.backoff.ms = 50
	request.timeout.ms = 30000
	retries = 2147483647
	retry.backoff.ms = 100
	sasl.client.callback.handler.class = null
	sasl.jaas.config = null
	sasl.kerberos.kinit.cmd = /usr/bin/kinit
	sasl.kerberos.min.time.before.relogin = 60000
	sasl.kerberos.service.name = null
	sasl.kerberos.ticket.renew.jitter = 0.05
	sasl.kerberos.ticket.renew.window.factor = 0.8
	sasl.login.callback.handler.class = null
	sasl.login.class = null
	sasl.login.connect.timeout.ms = null
	sasl.login.read.timeout.ms = null
	sasl.login.refresh.buffer.seconds = 300
	sasl.login.refresh.min.period.seconds = 60
	sasl.login.refresh.window.factor = 0.8
	sasl.login.refresh.window.jitter = 0.05
	sasl.login.retry.backoff.max.ms = 10000
	sasl.login.retry.backoff.ms = 100
	sasl.mechanism = GSSAPI
	sasl.oauthbearer.clock.skew.seconds = 30
	sasl.oauthbearer.expected.audience = null
	sasl.oauthbearer.expected.issuer = null
	sasl.oauthbearer.jwks.endpoint.refresh.ms = 3600000
	sasl.oauthbearer.jwks.endpoint.retry.backoff.max.ms = 10000
	sasl.oauthbearer.jwks.endpoint.retry.backoff.ms = 100
	sasl.oauthbearer.jwks.endpoint.url = null
	sasl.oauthbearer.scope.claim.name = scope
	sasl.oauthbearer.sub.claim.name = sub
	sasl.oauthbearer.token.endpoint.url = null
	security.protocol = PLAINTEXT
	security.providers = null
	send.buffer.bytes = 131072
	socket.connection.setup.timeout.max.ms = 30000
	socket.connection.setup.timeout.ms = 10000
	ssl.cipher.suites = null
	ssl.enabled.protocols = [TLSv1.2, TLSv1.3]
	ssl.endpoint.identification.algorithm = https
	ssl.engine.factory.class = null
	ssl.key.password = null
	ssl.keymanager.algorithm = SunX509
	ssl.keystore.certificate.chain = null
	ssl.keystore.key = null
	ssl.keystore.location = null
	ssl.keystore.password = null
	ssl.keystore.type = JKS
	ssl.protocol = TLSv1.3
	ssl.provider = null
	ssl.secure.random.implementation = null
	ssl.trustmanager.algorithm = PKIX
	ssl.truststore.certificates = null
	ssl.truststore.location = null
	ssl.truststore.password = null
	ssl.truststore.type = JKS
	transaction.timeout.ms = 60000
	transactional.id = null
	value.serializer = class org.springframework.kafka.support.serializer.JsonSerializer

2024-03-02T19:22:06.849+04:00  INFO 44851 --- [    Test worker] o.a.k.clients.producer.KafkaProducer     : [Producer clientId=producer-1] Instantiated an idempotent producer.
2024-03-02T19:22:06.858+04:00  INFO 44851 --- [    Test worker] o.a.kafka.common.utils.AppInfoParser     : Kafka version: 3.6.1
2024-03-02T19:22:06.858+04:00  INFO 44851 --- [    Test worker] o.a.kafka.common.utils.AppInfoParser     : Kafka commitId: 5e3c2b738d253ff5
2024-03-02T19:22:06.858+04:00  INFO 44851 --- [    Test worker] o.a.kafka.common.utils.AppInfoParser     : Kafka startTimeMs: 1709392926858
2024-03-02T19:22:06.861+04:00  INFO 44851 --- [ad | producer-1] org.apache.kafka.clients.Metadata        : [Producer clientId=producer-1] Cluster ID: w_kTVNGqQdqPUkM3JQlhBQ
2024-03-02T19:22:06.862+04:00  INFO 44851 --- [ad | producer-1] o.a.k.c.p.internals.TransactionManager   : [Producer clientId=producer-1] ProducerId set to 21 with epoch 0
2024-03-02T19:22:09.512+04:00  INFO 44851 --- [ntainer#0-0-C-1] o.a.k.c.c.internals.ConsumerCoordinator  : [Consumer clientId=consumer-consuming-1, groupId=consuming] Successfully joined group with generation Generation{generationId=47, memberId='consumer-consuming-1-6010ff76-6308-410d-9327-a78d4c208d3d', protocol='range'}
2024-03-02T19:22:09.517+04:00  INFO 44851 --- [ntainer#0-0-C-1] o.a.k.c.c.internals.ConsumerCoordinator  : [Consumer clientId=consumer-consuming-1, groupId=consuming] Finished assignment for group at generation 47: {consumer-consuming-1-6010ff76-6308-410d-9327-a78d4c208d3d=Assignment(partitions=[notification-0])}
2024-03-02T19:22:09.520+04:00  INFO 44851 --- [ntainer#0-0-C-1] o.a.k.c.c.internals.ConsumerCoordinator  : [Consumer clientId=consumer-consuming-1, groupId=consuming] Successfully synced group in generation Generation{generationId=47, memberId='consumer-consuming-1-6010ff76-6308-410d-9327-a78d4c208d3d', protocol='range'}
2024-03-02T19:22:09.520+04:00  INFO 44851 --- [ntainer#0-0-C-1] o.a.k.c.c.internals.ConsumerCoordinator  : [Consumer clientId=consumer-consuming-1, groupId=consuming] Notifying assignor about the new Assignment(partitions=[notification-0])
2024-03-02T19:22:09.521+04:00  INFO 44851 --- [ntainer#0-0-C-1] o.a.k.c.c.internals.ConsumerCoordinator  : [Consumer clientId=consumer-consuming-1, groupId=consuming] Adding newly assigned partitions: notification-0
2024-03-02T19:22:09.526+04:00  INFO 44851 --- [ntainer#0-0-C-1] o.a.k.c.c.internals.ConsumerCoordinator  : [Consumer clientId=consumer-consuming-1, groupId=consuming] Setting offset for partition notification-0 to the committed offset FetchPosition{offset=29, offsetEpoch=Optional.empty, currentLeader=LeaderAndEpoch{leader=Optional[localhost:29092 (id: 1 rack: null)], epoch=0}}
2024-03-02T19:22:09.527+04:00  INFO 44851 --- [ntainer#0-0-C-1] o.s.k.l.KafkaMessageListenerContainer    : consuming: partitions assigned: [notification-0]
2024-03-02T19:22:09.545+04:00  INFO 44851 --- [ntainer#0-0-C-1] o.e.datamanager.consumer.KafkaConsumer   : New Notification received NotificationDto(description=test notification)
2024-03-02T19:22:09.578+04:00  INFO 44851 --- [ntainer#0-0-C-1] o.e.d.service.NotificationService        : New Notification is saved: NotificationEntity(id=1, description=test notification, createdAt=2024-03-02T15:22:09.569290Z)
2024-03-02T19:22:10.944+04:00  INFO 44851 --- [ntainer#0-0-C-1] o.a.k.c.c.internals.ConsumerCoordinator  : [Consumer clientId=consumer-consuming-1, groupId=consuming] Revoke previously assigned partitions notification-0
2024-03-02T19:22:10.944+04:00  INFO 44851 --- [ntainer#0-0-C-1] o.s.k.l.KafkaMessageListenerContainer    : consuming: partitions revoked: [notification-0]
2024-03-02T19:22:10.944+04:00  INFO 44851 --- [ntainer#0-0-C-1] o.a.k.c.c.internals.ConsumerCoordinator  : [Consumer clientId=consumer-consuming-1, groupId=consuming] Member consumer-consuming-1-6010ff76-6308-410d-9327-a78d4c208d3d sending LeaveGroup request to coordinator localhost:29092 (id: 2147483646 rack: null) due to the consumer unsubscribed from all topics
2024-03-02T19:22:10.945+04:00  INFO 44851 --- [ntainer#0-0-C-1] o.a.k.c.c.internals.ConsumerCoordinator  : [Consumer clientId=consumer-consuming-1, groupId=consuming] Resetting generation and member id due to: consumer pro-actively leaving the group
2024-03-02T19:22:10.945+04:00  INFO 44851 --- [ntainer#0-0-C-1] o.a.k.c.c.internals.ConsumerCoordinator  : [Consumer clientId=consumer-consuming-1, groupId=consuming] Request joining group due to: consumer pro-actively leaving the group
2024-03-02T19:22:10.945+04:00  INFO 44851 --- [ntainer#0-0-C-1] fkaConsumerFactory$ExtendedKafkaConsumer : [Consumer clientId=consumer-consuming-1, groupId=consuming] Unsubscribed all topics or patterns and assigned partitions
2024-03-02T19:22:10.946+04:00  INFO 44851 --- [ntainer#0-0-C-1] o.a.k.c.c.internals.ConsumerCoordinator  : [Consumer clientId=consumer-consuming-1, groupId=consuming] Resetting generation and member id due to: consumer pro-actively leaving the group
2024-03-02T19:22:10.946+04:00  INFO 44851 --- [ntainer#0-0-C-1] o.a.k.c.c.internals.ConsumerCoordinator  : [Consumer clientId=consumer-consuming-1, groupId=consuming] Request joining group due to: consumer pro-actively leaving the group
2024-03-02T19:22:11.042+04:00  INFO 44851 --- [ntainer#0-0-C-1] o.apache.kafka.common.metrics.Metrics    : Metrics scheduler closed
2024-03-02T19:22:11.042+04:00  INFO 44851 --- [ntainer#0-0-C-1] o.apache.kafka.common.metrics.Metrics    : Closing reporter org.apache.kafka.common.metrics.JmxReporter
2024-03-02T19:22:11.042+04:00  INFO 44851 --- [ntainer#0-0-C-1] o.apache.kafka.common.metrics.Metrics    : Metrics reporters closed
2024-03-02T19:22:11.043+04:00  INFO 44851 --- [ntainer#0-0-C-1] o.a.kafka.common.utils.AppInfoParser     : App info kafka.consumer for consumer-consuming-1 unregistered
2024-03-02T19:22:11.044+04:00  INFO 44851 --- [ntainer#0-0-C-1] o.s.k.l.KafkaMessageListenerContainer    : consuming: Consumer stopped
2024-03-02T19:22:11.044+04:00  INFO 44851 --- [    Test worker] o.a.k.clients.producer.KafkaProducer     : [Producer clientId=producer-1] Closing the Kafka producer with timeoutMillis = 30000 ms.
2024-03-02T19:22:11.045+04:00  INFO 44851 --- [    Test worker] o.apache.kafka.common.metrics.Metrics    : Metrics scheduler closed
2024-03-02T19:22:11.046+04:00  INFO 44851 --- [    Test worker] o.apache.kafka.common.metrics.Metrics    : Closing reporter org.apache.kafka.common.metrics.JmxReporter
2024-03-02T19:22:11.046+04:00  INFO 44851 --- [    Test worker] o.apache.kafka.common.metrics.Metrics    : Metrics reporters closed
2024-03-02T19:22:11.046+04:00  INFO 44851 --- [    Test worker] o.a.kafka.common.utils.AppInfoParser     : App info kafka.producer for producer-1 unregistered
2024-03-02T19:22:11.047+04:00  INFO 44851 --- [    Test worker] j.LocalContainerEntityManagerFactoryBean : Closing JPA EntityManagerFactory for persistence unit 'default'
2024-03-02T19:22:11.048+04:00  INFO 44851 --- [    Test worker] com.zaxxer.hikari.HikariDataSource       : HikariPool-1 - Shutdown initiated...
2024-03-02T19:22:11.049+04:00  INFO 44851 --- [    Test worker] com.zaxxer.hikari.HikariDataSource       : HikariPool-1 - Shutdown completed.
]]></system-out>
  <system-err><![CDATA[]]></system-err>
</testsuite>
